<?xml version="1.0" encoding="UTF-8"?>
<!-- Generated by org.testng.reporters.JUnitReportReporter -->
<testsuite hostname="hive-07" name="SMPANPUMA.PUMATest.Android_PumaTests" tests="10" failures="0" timestamp="9 Aug 2017 14:42:08 GMT" time="1925.625" errors="4">
  <testcase name="TurningSubtilte_ON" time="0.036" classname="SMPANPUMA.PUMATest.Android_PumaTests"/>
  <testcase name="Pause_VideoOnDemand" time="0.141" classname="SMPANPUMA.PUMATest.Android_PumaTests">
    <error type="org.openqa.selenium.remote.SessionNotFoundException" message="A session is either terminated or not started (WARNING: The server did not provide any stacktrace information)
Command duration or timeout: 13 milliseconds
Build info: version: &#039;2.53.0&#039;, revision: &#039;35ae25b&#039;, time: &#039;2016-03-15 17:00:58&#039;
System info: host: &#039;hive-07&#039;, ip: &#039;127.0.1.1&#039;, os.name: &#039;Linux&#039;, os.arch: &#039;amd64&#039;, os.version: &#039;4.4.0-28-generic&#039;, java.version: &#039;1.8.0_121&#039;
Driver info: io.appium.java_client.android.AndroidDriver
Capabilities [{app=workspaces/762/build/build.apk, appPackage=package, networkConnectionEnabled=true, warnings={}, databaseEnabled=false, deviceName=BHZ, platform=LINUX, deviceUDID=BHZ, appActivity=MainActivity, desired={app=763162/build/build.apk, appPackage=package, appActivity=MainActivity, appium-version=1.0, platformVersion=6.0.1, platformName=Android, deviceName=dd}, appium-version=1.0, platformVersion=6.0.1, webStorageEnabled=false, locationContextEnabled=false, takesScreenshot=true, javascriptEnabled=true, platformName=Android}]
Session ID: 5669086a-226b-4d4b-b4c5-c1e5383e3485">
      <![CDATA[org.openqa.selenium.remote.SessionNotFoundException: A session is either terminated or not started (WARNING: The server did not provide any stacktrace information)
Command duration or timeout: 13 milliseconds
Build info: version: '2.53.0', revision: '35ae25b', time: '2016-03-15 17:00:58'
System info: host: 'hive-07', ip: '127.0.1.1', os.name: 'Linux', os.arch: 'amd64', os.version: '4.4.0-28-generic', java.version: '1.8.0_121'
Driver info: io.appium.java_client.android.AndroidDriver
Capabilities [{app=build/build.apk, appPackage=package, networkConnectionEnabled=true, warnings={}, databaseEnabled=false, deviceName=4Z, platform=LINUX, deviceUDID=Z, appActivity=MainActivity, desired={app=/62/build/build.apk, appPackage=package, appActivity=MainActivity, appium-version=1.0, platformVersion=6.0.1, platformName=Android, deviceName=dd}, appium-version=1.0, platformVersion=6.0.1, webStorageEnabled=false, locationContextEnabled=false, takesScreenshot=true, javascriptEnabled=true, platformName=Android}]
Session ID: 5669086a-226b-4d4b-b4c5-c1e5383e3485
        at sun.reflect.NativeConstructorAccessorImpl.newInstance0(Native Method)
        at sun.reflect.NativeConstructorAccessorImpl.newInstance(NativeConstructorAccessorImpl.java:62)
        at sun.reflect.DelegatingConstructorAccessorImpl.newInstance(DelegatingConstructorAccessorImpl.java:45)
        at java.lang.reflect.Constructor.newInstance(Constructor.java:423)
        at org.openqa.selenium.remote.ErrorHandler.createThrowable(ErrorHandler.java:206)
        at org.openqa.selenium.remote.ErrorHandler.throwIfResponseFailed(ErrorHandler.java:158)
        at org.openqa.selenium.remote.RemoteWebDriver.execute(RemoteWebDriver.java:678)
        at io.appium.java_client.DefaultGenericMobileDriver.execute(DefaultGenericMobileDriver.java:40)
        at io.appium.java_client.AppiumDriver.execute(AppiumDriver.java:1)
        at io.appium.java_client.android.AndroidDriver.execute(AndroidDriver.java:1)
        at io.appium.java_client.CommandExecutionHelper.execute(CommandExecutionHelper.java:32)
        at io.appium.java_client.android.AndroidDriver.pressKeyCode(AndroidDriver.java:195)
        at SMPANPUMA.CommonFunction.CommonFunctions.Navigateback_MainMenu(CommonFunctions.java:857)
        at SMPANPUMA.PUMATest.Android_PumaTests.Pause_VideoOnDemand(Android_PumaTests.java:317)
        at sun.reflect.NativeMethodAccessorImpl.invoke0(Native Method)
        at sun.reflect.NativeMethodAccessorImpl.invoke(NativeMethodAccessorImpl.java:62)
        at sun.reflect.DelegatingMethodAccessorImpl.invoke(DelegatingMethodAccessorImpl.java:43)
        at java.lang.reflect.Method.invoke(Method.java:498)
        at org.testng.internal.MethodInvocationHelper.invokeMethod(MethodInvocationHelper.java:85)
        at org.testng.internal.Invoker.invokeMethod(Invoker.java:639)
        at org.testng.internal.Invoker.invokeTestMethod(Invoker.java:816)
        at org.testng.internal.Invoker.invokeTestMethods(Invoker.java:1124)
        at org.testng.internal.TestMethodWorker.invokeTestMethods(TestMethodWorker.java:125)
        at org.testng.internal.TestMethodWorker.run(TestMethodWorker.java:108)
        at org.testng.TestRunner.privateRun(TestRunner.java:774)
        at org.testng.TestRunner.run(TestRunner.java:624)
        at org.testng.SuiteRunner.runTest(SuiteRunner.java:359)
        at org.testng.SuiteRunner.runSequentially(SuiteRunner.java:354)
        at org.testng.SuiteRunner.privateRun(SuiteRunner.java:312)
        at org.testng.SuiteRunner.run(SuiteRunner.java:261)
        at org.testng.SuiteRunnerWorker.runSuite(SuiteRunnerWorker.java:52)
        at org.testng.SuiteRunnerWorker.run(SuiteRunnerWorker.java:86)
        at org.testng.TestNG.runSuitesSequentially(TestNG.java:1215)
        at org.testng.TestNG.runSuitesLocally(TestNG.java:1140)
        at org.testng.TestNG.run(TestNG.java:1048)
        at org.testng.TestNG.privateMain(TestNG.java:1355)
        at org.testng.TestNG.main(TestNG.java:1324)
]]>
    </error>
  </testcase> <!-- Pause_VideoOnDemand -->
  <testcase name="OpenAvtest" time="4.161" classname="SMPANPUMA.PUMATest.Android_PumaTests"/>
  <testcase name="getDeviceDetails" time="0.001" classname="SMPANPUMA.PUMATest.Android_PumaTests"/>
  <testcase name="CheckingPlayback_VOD" time="0.033" classname="SMPANPUMA.PUMATest.Android_PumaTests"/>
  <testcase name="Play_AudioOnDemand" time="0.000" classname="SMPANPUMA.PUMATest.Android_PumaTests">
    <error type="java.lang.Throwable" message="Method Android_PumaTests.Play_AudioOnDemand()[pri:0, instance:SMPANPUMA.PUMATest.Android_PumaTests@566776ad] depends on not successfully finished methods">
      <![CDATA[java.lang.Throwable: Method Android_PumaTests.Play_AudioOnDemand()[pri:0, instance:SMPANPUMA.PUMATest.Android_PumaTests@566776ad] depends on not successfully finished methods
        at org.testng.internal.Invoker.invokeTestMethods(Invoker.java:1033)
        at org.testng.internal.TestMethodWorker.invokeTestMethods(TestMethodWorker.java:125)
        at org.testng.internal.TestMethodWorker.run(TestMethodWorker.java:108)
        at org.testng.TestRunner.privateRun(TestRunner.java:774)
        at org.testng.TestRunner.run(TestRunner.java:624)
        at org.testng.SuiteRunner.runTest(SuiteRunner.java:359)
        at org.testng.SuiteRunner.runSequentially(SuiteRunner.java:354)
        at org.testng.SuiteRunner.privateRun(SuiteRunner.java:312)
        at org.testng.SuiteRunner.run(SuiteRunner.java:261)
        at org.testng.SuiteRunnerWorker.runSuite(SuiteRunnerWorker.java:52)
        at org.testng.SuiteRunnerWorker.run(SuiteRunnerWorker.java:86)
        at org.testng.TestNG.runSuitesSequentially(TestNG.java:1215)
        at org.testng.TestNG.runSuitesLocally(TestNG.java:1140)
        at org.testng.TestNG.run(TestNG.java:1048)
        at org.testng.TestNG.privateMain(TestNG.java:1355)
        at org.testng.TestNG.main(TestNG.java:1324)
]]>
    </error>
  </testcase> <!-- Play_AudioOnDemand -->
  <testcase name="setUp" time="33.939" classname="SMPANPUMA.PUMATest.Android_PumaTests"/>
  <testcase name="Play_VideoOnDemand" time="1887.314" classname="SMPANPUMA.PUMATest.Android_PumaTests"/>
  <testcase name="CheckingPlayback_AOD" time="0.000" classname="SMPANPUMA.PUMATest.Android_PumaTests">
    <error type="java.lang.Throwable" message="Method Android_PumaTests.CheckingPlayback_AOD()[pri:0, instance:SMPANPUMA.PUMATest.Android_PumaTests@566776ad] depends on not successfully finished methods">
      <![CDATA[java.lang.Throwable: Method Android_PumaTests.CheckingPlayback_AOD()[pri:0, instance:SMPANPUMA.PUMATest.Android_PumaTests@566776ad] depends on not successfully finished methods
        at org.testng.internal.Invoker.invokeTestMethods(Invoker.java:1033)
        at org.testng.internal.TestMethodWorker.invokeTestMethods(TestMethodWorker.java:125)
        at org.testng.internal.TestMethodWorker.run(TestMethodWorker.java:108)
        at org.testng.TestRunner.privateRun(TestRunner.java:774)
        at org.testng.TestRunner.run(TestRunner.java:624)
        at org.testng.SuiteRunner.runTest(SuiteRunner.java:359)
        at org.testng.SuiteRunner.runSequentially(SuiteRunner.java:354)
        at org.testng.SuiteRunner.privateRun(SuiteRunner.java:312)
        at org.testng.SuiteRunner.run(SuiteRunner.java:261)
        at org.testng.SuiteRunnerWorker.runSuite(SuiteRunnerWorker.java:52)
        at org.testng.SuiteRunnerWorker.run(SuiteRunnerWorker.java:86)
        at org.testng.TestNG.runSuitesSequentially(TestNG.java:1215)
        at org.testng.TestNG.runSuitesLocally(TestNG.java:1140)
        at org.testng.TestNG.run(TestNG.java:1048)
        at org.testng.TestNG.privateMain(TestNG.java:1355)
        at org.testng.TestNG.main(TestNG.java:1324)
]]>
    </error>
  </testcase> <!-- CheckingPlayback_AOD -->
  <testcase name="Pause_AudiooOnDemand" time="0.000" classname="SMPANPUMA.PUMATest.Android_PumaTests">
    <error type="java.lang.Throwable" message="Method Android_PumaTests.Pause_AudiooOnDemand()[pri:0, instance:SMPANPUMA.PUMATest.Android_PumaTests@566776ad] depends on not successfully finished methods">
      <![CDATA[java.lang.Throwable: Method Android_PumaTests.Pause_AudiooOnDemand()[pri:0, instance:SMPANPUMA.PUMATest.Android_PumaTests@566776ad] depends on not successfully finished methods
        at org.testng.internal.Invoker.invokeTestMethods(Invoker.java:1033)
        at org.testng.internal.TestMethodWorker.invokeTestMethods(TestMethodWorker.java:125)
        at org.testng.internal.TestMethodWorker.run(TestMethodWorker.java:108)
        at org.testng.TestRunner.privateRun(TestRunner.java:774)
        at org.testng.TestRunner.run(TestRunner.java:624)
        at org.testng.SuiteRunner.runTest(SuiteRunner.java:359)
        at org.testng.SuiteRunner.runSequentially(SuiteRunner.java:354)
        at org.testng.SuiteRunner.privateRun(SuiteRunner.java:312)
        at org.testng.SuiteRunner.run(SuiteRunner.java:261)
        at org.testng.SuiteRunnerWorker.runSuite(SuiteRunnerWorker.java:52)
        at org.testng.SuiteRunnerWorker.run(SuiteRunnerWorker.java:86)
        at org.testng.TestNG.runSuitesSequentially(TestNG.java:1215)
        at org.testng.TestNG.runSuitesLocally(TestNG.java:1140)
        at org.testng.TestNG.run(TestNG.java:1048)
        at org.testng.TestNG.privateMain(TestNG.java:1355)
        at org.testng.TestNG.main(TestNG.java:1324)
]]>
    </error>
  </testcase> <!-- Pause_AudiooOnDemand -->
</testsuite> <!-- SMPANPUMA.PUMATest.Android_PumaTests -->
